18-03-2026 08:55:41 - INFO - [main.py:49] - ==========================================
18-03-2026 08:55:41 - INFO - [main.py:50] - === Insurance ETL Pipeline Initiated   ===
18-03-2026 08:55:41 - INFO - [main.py:53] - Phase 1: Verifying database schema...
18-03-2026 08:55:41 - INFO - [__init__.py:149] - package: mysql.connector.plugins
18-03-2026 08:55:41 - INFO - [__init__.py:150] - plugin_name: caching_sha2_password
18-03-2026 08:55:41 - INFO - [__init__.py:154] - AUTHENTICATION_PLUGIN_CLASS: MySQLCachingSHA2PasswordAuthPlugin
18-03-2026 08:55:41 - INFO - [database.py:36] - Successfully connected to the MySQL database.
18-03-2026 08:55:41 - INFO - [database.py:78] - Successfully executed schema script: report.sql
18-03-2026 08:55:41 - INFO - [database.py:56] - Database transaction committed successfully.
18-03-2026 08:55:41 - INFO - [database.py:63] - MySQL connection gracefully closed.
18-03-2026 08:55:41 - INFO - [main.py:58] - Phase 2: Starting file ingestion workflow...
18-03-2026 08:55:41 - INFO - [ingestion.py:48] - Started processing file: insurance_data.csv
18-03-2026 08:55:41 - WARNING - [validation.py:66] - Validation Skipped: Premium amount (-120.0) must be > 0. Row data: {'policy_id': 'POL007', 'customer_name': 'Invalid User', 'region': 'East', 'premium_amount': '-120.00', 'claim_amount': '0.00', 'policy_date': '2024-03-01'}
18-03-2026 08:55:41 - INFO - [ingestion.py:75] - Row 7 failed validation and was discarded.
18-03-2026 08:55:41 - WARNING - [validation.py:24] - Validation Skipped: Empty policy_id. Row data: {'policy_id': '', 'customer_name': 'No Policy ID User', 'region': 'East', 'premium_amount': '125.00', 'claim_amount': '100.00', 'policy_date': '2024-03-12'}
18-03-2026 08:55:41 - INFO - [ingestion.py:75] - Row 15 failed validation and was discarded.
18-03-2026 08:55:41 - WARNING - [validation.py:85] - Validation Skipped: Non-numeric claim_amount. Row data: {'policy_id': 'POL042', 'customer_name': 'Stephen Turner', 'region': 'South', 'premium_amount': '198.00', 'claim_amount': '', 'policy_date': '2024-02-15'}
18-03-2026 08:55:41 - INFO - [ingestion.py:75] - Row 42 failed validation and was discarded.
18-03-2026 08:55:41 - INFO - [database.py:36] - Successfully connected to the MySQL database.
18-03-2026 08:55:41 - INFO - [ingestion.py:103] - Successfully loaded 47 rows into staging_insurance.
18-03-2026 08:55:41 - INFO - [database.py:56] - Database transaction committed successfully.
18-03-2026 08:55:41 - INFO - [database.py:63] - MySQL connection gracefully closed.
18-03-2026 08:55:41 - INFO - [ingestion.py:86] - File handling complete. Moved insurance_data.csv to processed/.
18-03-2026 08:55:41 - INFO - [ingestion.py:48] - Started processing file: messy_dummy_data.csv
18-03-2026 08:55:41 - WARNING - [validation.py:24] - Validation Skipped: Empty policy_id. Row data: {'policy_id': '', 'customer_name': 'Charlie Brown', 'region': 'East', 'premium_amount': '300.0', 'claim_amount': '0.0', 'policy_date': '2023-03-10'}
18-03-2026 08:55:41 - INFO - [ingestion.py:75] - Row 1 failed validation and was discarded.
18-03-2026 08:55:41 - WARNING - [validation.py:28] - Validation Skipped: Duplicate policy_id 'POL003'. Row data: {'policy_id': 'POL003', 'customer_name': 'Diana Prince', 'region': 'West', 'premium_amount': '-50.0', 'claim_amount': '100.0', 'policy_date': '2023-04-05'}
18-03-2026 08:55:41 - INFO - [ingestion.py:75] - Row 2 failed validation and was discarded.
18-03-2026 08:55:41 - WARNING - [validation.py:28] - Validation Skipped: Duplicate policy_id 'POL001'. Row data: {'policy_id': 'POL001', 'customer_name': 'Alice Smith', 'region': 'North', 'premium_amount': '150.5', 'claim_amount': '0.0', 'policy_date': '2023-01-15'}
18-03-2026 08:55:41 - INFO - [ingestion.py:75] - Row 3 failed validation and was discarded.
18-03-2026 08:55:41 - WARNING - [validation.py:28] - Validation Skipped: Duplicate policy_id 'POL004'. Row data: {'policy_id': 'POL004', 'customer_name': 'Eve Adams', 'region': 'Central', 'premium_amount': '120.0', 'claim_amount': '0.0', 'policy_date': '2023-05-12'}
18-03-2026 08:55:41 - INFO - [ingestion.py:75] - Row 4 failed validation and was discarded.
18-03-2026 08:55:41 - WARNING - [validation.py:28] - Validation Skipped: Duplicate policy_id 'POL002'. Row data: {'policy_id': 'POL002', 'customer_name': 'Bob Johnson', 'region': 'South', 'premium_amount': '200.0', 'claim_amount': '500.0', 'policy_date': '2023-02-20'}
18-03-2026 08:55:41 - INFO - [ingestion.py:75] - Row 5 failed validation and was discarded.
18-03-2026 08:55:41 - WARNING - [validation.py:28] - Validation Skipped: Duplicate policy_id 'POL006'. Row data: {'policy_id': 'POL006', 'customer_name': 'Grace Hopper', 'region': 'North', 'premium_amount': '800.0', 'claim_amount': '0.0', 'policy_date': '2023-07-01'}
18-03-2026 08:55:41 - INFO - [ingestion.py:75] - Row 6 failed validation and was discarded.
18-03-2026 08:55:41 - WARNING - [validation.py:28] - Validation Skipped: Duplicate policy_id 'POL001'. Row data: {'policy_id': 'POL001', 'customer_name': 'Alice Smith Copy', 'region': 'North', 'premium_amount': '150.5', 'claim_amount': '0.0', 'policy_date': '2023-01-15'}
18-03-2026 08:55:41 - INFO - [ingestion.py:75] - Row 7 failed validation and was discarded.
18-03-2026 08:55:41 - WARNING - [validation.py:28] - Validation Skipped: Duplicate policy_id 'POL005'. Row data: {'policy_id': 'POL005', 'customer_name': 'Frank Castle', 'region': 'East', 'premium_amount': '400.0', 'claim_amount': '2000.0', 'policy_date': '15-06-2023'}
18-03-2026 08:55:41 - INFO - [ingestion.py:75] - Row 8 failed validation and was discarded.
18-03-2026 08:55:41 - WARNING - [ingestion.py:81] - No valid records found in messy_dummy_data.csv to insert.
18-03-2026 08:55:41 - INFO - [ingestion.py:86] - File handling complete. Moved messy_dummy_data.csv to processed/.
18-03-2026 08:55:41 - INFO - [main.py:62] - === Insurance ETL Pipeline Completed   ===
18-03-2026 08:55:41 - INFO - [main.py:63] - ==========================================

18-03-2026 09:35:07 - INFO - [main.py:49] - ==========================================
18-03-2026 09:35:07 - INFO - [main.py:50] - === Insurance ETL Pipeline Initiated   ===
18-03-2026 09:35:07 - INFO - [main.py:53] - Phase 1: Verifying database schema...
18-03-2026 09:35:07 - INFO - [__init__.py:149] - package: mysql.connector.plugins
18-03-2026 09:35:07 - INFO - [__init__.py:150] - plugin_name: caching_sha2_password
18-03-2026 09:35:07 - INFO - [__init__.py:154] - AUTHENTICATION_PLUGIN_CLASS: MySQLCachingSHA2PasswordAuthPlugin
18-03-2026 09:35:07 - INFO - [database.py:36] - Successfully connected to the MySQL database.
18-03-2026 09:35:07 - INFO - [database.py:78] - Successfully executed schema script: report.sql
18-03-2026 09:35:07 - INFO - [database.py:56] - Database transaction committed successfully.
18-03-2026 09:35:07 - INFO - [database.py:63] - MySQL connection gracefully closed.
18-03-2026 09:35:07 - INFO - [main.py:58] - Phase 2: Starting file ingestion workflow...
18-03-2026 09:35:07 - INFO - [ingestion.py:48] - Started processing file: messy_dummy_data.csv
18-03-2026 09:35:07 - WARNING - [validation.py:24] - Validation Skipped: Empty policy_id. Row data: {'policy_id': '', 'customer_name': 'Charlie Brown', 'region': 'East', 'premium_amount': '300.0', 'claim_amount': '0.0', 'policy_date': '2023-03-10'}
18-03-2026 09:35:07 - INFO - [ingestion.py:75] - Row 1 failed validation and was discarded.
18-03-2026 09:35:07 - WARNING - [validation.py:66] - Validation Skipped: Premium amount (-50.0) must be > 0. Row data: {'policy_id': 'POL060', 'customer_name': 'Diana Prince', 'region': 'West', 'premium_amount': '-50.0', 'claim_amount': '100.0', 'policy_date': '2023-04-05'}
18-03-2026 09:35:07 - INFO - [ingestion.py:75] - Row 2 failed validation and was discarded.
18-03-2026 09:35:07 - WARNING - [validation.py:54] - Validation Skipped: Invalid region 'Central'. Expected {'North', 'West', 'East', 'South'}. Row data: {'policy_id': 'POL064', 'customer_name': 'Eve Adams', 'region': 'Central', 'premium_amount': '120.0', 'claim_amount': '0.0', 'policy_date': '2023-05-12'}
18-03-2026 09:35:07 - INFO - [ingestion.py:75] - Row 4 failed validation and was discarded.
18-03-2026 09:35:07 - WARNING - [validation.py:28] - Validation Skipped: Duplicate policy_id 'POL061'. Row data: {'policy_id': 'POL061', 'customer_name': 'Alice Smith Copy', 'region': 'North', 'premium_amount': '150.5', 'claim_amount': '0.0', 'policy_date': '2023-01-15'}
18-03-2026 09:35:07 - INFO - [ingestion.py:75] - Row 7 failed validation and was discarded.
18-03-2026 09:35:07 - WARNING - [validation.py:103] - Validation Skipped: Invalid policy_date '15-06-2023'. Expected YYY-MM-DD. Row data: {'policy_id': 'POL065', 'customer_name': 'Frank Castle', 'region': 'East', 'premium_amount': '400.0', 'claim_amount': '2000.0', 'policy_date': '15-06-2023'}
18-03-2026 09:35:07 - INFO - [ingestion.py:75] - Row 8 failed validation and was discarded.
18-03-2026 09:35:07 - INFO - [database.py:36] - Successfully connected to the MySQL database.
18-03-2026 09:35:07 - INFO - [ingestion.py:103] - Successfully loaded 3 rows into staging_insurance.
18-03-2026 09:35:07 - INFO - [database.py:56] - Database transaction committed successfully.
18-03-2026 09:35:07 - INFO - [database.py:63] - MySQL connection gracefully closed.
18-03-2026 09:35:07 - INFO - [ingestion.py:86] - File handling complete. Moved messy_dummy_data.csv to processed/.
18-03-2026 09:35:07 - INFO - [main.py:63] - Phase 3: Moving data to Master and cleaning Staging...
18-03-2026 09:35:08 - INFO - [database.py:36] - Successfully connected to the MySQL database.
18-03-2026 09:35:08 - INFO - [database.py:78] - Successfully executed schema script: transform.sql
18-03-2026 09:35:08 - INFO - [database.py:56] - Database transaction committed successfully.
18-03-2026 09:35:08 - INFO - [database.py:63] - MySQL connection gracefully closed.
18-03-2026 09:35:08 - INFO - [main.py:67] - === Insurance ETL Pipeline Completed   ===
18-03-2026 09:35:08 - INFO - [main.py:68] - ==========================================
